<?xml version="1.0" encoding="UTF-8"?>
<!-- Generated by org.testng.reporters.JUnitReportReporter -->
<testsuite hostname="LAPTOP-2VNTS4UG" failures="0" tests="1" name="TestExecute.Osprey_EMEA.E2E_OrderPlacements.TEST_DGLD_OSP_EMEA_E2E_002_RegisterUser_Partial_Gift_Code_Redemption_Paypal" time="526.640" errors="0" timestamp="18 Jan 2025 12:00:22 GMT">
  <testcase classname="TestExecute.Osprey_EMEA.E2E_OrderPlacements.TEST_DGLD_OSP_EMEA_E2E_002_RegisterUser_Partial_Gift_Code_Redemption_Paypal" name="Verifying_RegisterUser_Partial_Gift_Code_Redemption_Paypal" time="526.640"/>
</testsuite> <!-- TestExecute.Osprey_EMEA.E2E_OrderPlacements.TEST_DGLD_OSP_EMEA_E2E_002_RegisterUser_Partial_Gift_Code_Redemption_Paypal -->
