<?xml version="1.0" encoding="UTF-8"?>
<!-- Generated by org.testng.reporters.JUnitReportReporter -->
<testsuite hostname="LAPTOP-2VNTS4UG" failures="0" tests="1" name="TestExecute.Osprey_EMEA.regressionTestcase.Test_DGLD_OS_COMMON_016_Validation_Shipping_Address_form_for_GuestUser" time="167.641" errors="0" timestamp="17 Jan 2025 13:12:06 GMT">
  <testcase classname="TestExecute.Osprey_EMEA.regressionTestcase.Test_DGLD_OS_COMMON_016_Validation_Shipping_Address_form_for_GuestUser" name="Verifying_the_Shipping_Address_form_for_GuestUser" time="167.641"/>
</testsuite> <!-- TestExecute.Osprey_EMEA.regressionTestcase.Test_DGLD_OS_COMMON_016_Validation_Shipping_Address_form_for_GuestUser -->
